<?xml version="1.0" encoding="UTF-8" ?>
<testsuite tests="0" failures="0" name="Runner.TestRunner" time="0" errors="0" skipped="0">
  <properties>
    <property name="DISPLAY" value=":0"/>
    <property name="file.encoding.pkg" value="sun.io"/>
    <property name="GOROOT" value="/usr/local/go"/>
    <property name="CLUTTER_IM_MODULE" value="xim"/>
    <property name="java.home" value="/usr/lib/jvm/java-8-openjdk-amd64/jre"/>
    <property name="LOGNAME" value="shelke"/>
    <property name="VTE_VERSION" value="5401"/>
    <property name="NODE_NAME" value="built-in"/>
    <property name="PWD" value="/home/shelke/Documents/Jenkins"/>
    <property name="JENKINS_URL" value="http://localhost:8080/"/>
    <property name="sun.font.fontmanager" value="sun.awt.X11FontManager"/>
    <property name="GDMSESSION" value="ubuntu"/>
    <property name="java.endorsed.dirs" value="/usr/lib/jvm/java-8-openjdk-amd64/jre/lib/endorsed"/>
    <property name="sun.os.patch.level" value="unknown"/>
    <property name="java.vendor.url" value="http://java.oracle.com/"/>
    <property name="GPG_AGENT_INFO" value="/run/user/1000/gnupg/S.gpg-agent:0:1"/>
    <property name="java.version" value="1.8.0_292"/>
    <property name="JOB_NAME" value="JustInDialApplication"/>
    <property name="java.vendor.url.bug" value="http://bugreport.sun.com/bugreport/"/>
    <property name="INVOCATION_ID" value="5b1da217bb454d74934813e5f06196b7"/>
    <property name="XDG_DATA_DIRS" value="/usr/share/ubuntu:/home/shelke/.local/share/flatpak/exports/share/:/var/lib/flatpak/exports/share/:/usr/local/share/:/usr/share/:/var/lib/snapd/desktop"/>
    <property name="user.name" value="shelke"/>
    <property name="sun.io.unicode.encoding" value="UnicodeLittle"/>
    <property name="XDG_RUNTIME_DIR" value="/run/user/1000"/>
    <property name="sun.jnu.encoding" value="UTF-8"/>
    <property name="java.runtime.name" value="OpenJDK Runtime Environment"/>
    <property name="XDG_SESSION_DESKTOP" value="ubuntu"/>
    <property name="java.specification.name" value="Java Platform API Specification"/>
    <property name="RUN_CHANGES_DISPLAY_URL" value="http://localhost:8080/job/JustInDialApplication/9/display/redirect?page=changes"/>
    <property name="user.timezone" value="Asia/Kolkata"/>
    <property name="path.separator" value=":"/>
    <property name="BUILD_TAG" value="jenkins-JustInDialApplication-9"/>
    <property name="TERM" value="xterm-256color"/>
    <property name="GTK_MODULES" value="gail:atk-bridge"/>
    <property name="MANDATORY_PATH" value="/usr/share/gconf/ubuntu.mandatory.path"/>
    <property name="file.encoding" value="UTF-8"/>
    <property name="PATH" value="/home/shelke/.nvm/versions/node/v12.14.0/bin:/home/shelke/.local/bin:/home/shelke/bin:/opt/apache-maven/bin:/usr/local/sbin:/usr/local/bin:/usr/sbin:/usr/bin:/sbin:/bin:/usr/games:/usr/local/games:/snap/bin:/usr/lib/jvm/java-8-openjdk-amd64/bin:/usr/local/go/bin:/usr/local/go/bin:/usr/local/go/bin:/usr/local/go/bin./home/shelke/go/bin./bin."/>
    <property name="QT_ACCESSIBILITY" value="1"/>
    <property name="DESKTOP_SESSION" value="ubuntu"/>
    <property name="sun.java.command" value="jenkins.maven3.agent.Maven35Main /home/shelke/.jenkins/tools/hudson.tasks.Maven_MavenInstallation/testMaven /home/shelke/.jenkins/war/WEB-INF/lib/remoting-4.12.jar /home/shelke/.jenkins/plugins/maven-plugin/WEB-INF/lib/maven35-interceptor-1.13.jar /home/shelke/.jenkins/plugins/maven-plugin/WEB-INF/lib/maven3-interceptor-commons-1.13.jar 35731"/>
    <property name="HUDSON_URL" value="http://localhost:8080/"/>
    <property name="XDG_CONFIG_DIRS" value="/etc/xdg/xdg-ubuntu:/etc/xdg"/>
    <property name="JENKINS_SERVER_COOKIE" value="be56bcd414f8fd05"/>
    <property name="EXECUTOR_NUMBER" value="1"/>
    <property name="XDG_SESSION_TYPE" value="x11"/>
    <property name="java.io.tmpdir" value="/tmp"/>
    <property name="user.language" value="en"/>
    <property name="line.separator" value="
"/>
    <property name="GOPATH" value="/home/shelke/go"/>
    <property name="COLORTERM" value="truecolor"/>
    <property name="BUILD_URL" value="http://localhost:8080/job/JustInDialApplication/9/"/>
    <property name="SSH_AGENT_PID" value="3650"/>
    <property name="SHLVL" value="1"/>
    <property name="M2_HOME" value="/home/shelke/.jenkins/tools/hudson.tasks.Maven_MavenInstallation/testMaven"/>
    <property name="USER" value="shelke"/>
    <property name="java.vm.info" value="mixed mode"/>
    <property name="DBUS_STARTER_BUS_TYPE" value="session"/>
    <property name="sun.desktop" value="gnome"/>
    <property name="java.vm.specification.name" value="Java Virtual Machine Specification"/>
    <property name="CI" value="true"/>
    <property name="BUILD_DISPLAY_NAME" value="#9"/>
    <property name="WINDOWPATH" value="2"/>
    <property name="guice.disable.misplaced.annotation.check" value="true"/>
    <property name="HUDSON_SERVER_COOKIE" value="be56bcd414f8fd05"/>
    <property name="WORKSPACE_TMP" value="/home/shelke/.jenkins/workspace/JustInDialApplication@tmp"/>
    <property name="DBUS_STARTER_ADDRESS" value="unix:path=/run/user/1000/bus,guid=3e2b1e617b41a9d5c50f445d6216cb95"/>
    <property name="MAVEN_HOME" value="/home/shelke/.jenkins/tools/hudson.tasks.Maven_MavenInstallation/testMaven"/>
    <property name="GNOME_TERMINAL_SERVICE" value=":1.107"/>
    <property name="java.awt.printerjob" value="sun.print.PSPrinterJob"/>
    <property name="SESSION_MANAGER" value="local/puja:@/tmp/.ICE-unix/3512,unix/puja:/tmp/.ICE-unix/3512"/>
    <property name="DEFAULTS_PATH" value="/usr/share/gconf/ubuntu.default.path"/>
    <property name="maven3.interceptor.common" value="/home/shelke/.jenkins/plugins/maven-plugin/WEB-INF/lib/maven3-interceptor-commons-1.13.jar"/>
    <property name="CLASSPATH" value=""/>
    <property name="GNOME_DESKTOP_SESSION_ID" value="this-is-deprecated"/>
    <property name="JOURNAL_STREAM" value="9:42028"/>
    <property name="XAUTHORITY" value="/run/user/1000/gdm/Xauthority"/>
    <property name="jansi.mode" value="strip"/>
    <property name="LESSCLOSE" value="/usr/bin/lesspipe %s %s"/>
    <property name="XDG_MENU_PREFIX" value="gnome-"/>
    <property name="XDG_CURRENT_DESKTOP" value="ubuntu:GNOME"/>
    <property name="os.name" value="Linux"/>
    <property name="java.specification.vendor" value="Oracle Corporation"/>
    <property name="java.vm.name" value="OpenJDK 64-Bit Server VM"/>
    <property name="BUILD_NUMBER" value="9"/>
    <property name="NVM_DIR" value="/home/shelke/.nvm"/>
    <property name="maven3.interceptor" value="/home/shelke/.jenkins/plugins/maven-plugin/WEB-INF/lib/maven35-interceptor-1.13.jar"/>
    <property name="java.library.path" value="/usr/java/packages/lib/amd64:/usr/lib/x86_64-linux-gnu/jni:/lib/x86_64-linux-gnu:/usr/lib/x86_64-linux-gnu:/usr/lib/jni:/lib:/usr/lib"/>
    <property name="QT_IM_MODULE" value="ibus"/>
    <property name="NVM_BIN" value="/home/shelke/.nvm/versions/node/v12.14.0/bin"/>
    <property name="POM_GROUPID" value="JustDialApplication"/>
    <property name="POM_ARTIFACTID" value="JustDialApplication"/>
    <property name="java.class.version" value="52.0"/>
    <property name="DBUS_SESSION_BUS_ADDRESS" value="unix:path=/run/user/1000/bus,guid=3e2b1e617b41a9d5c50f445d6216cb95"/>
    <property name="JOB_URL" value="http://localhost:8080/job/JustInDialApplication/"/>
    <property name="MANAGERPID" value="3418"/>
    <property name="RUN_DISPLAY_URL" value="http://localhost:8080/job/JustInDialApplication/9/display/redirect"/>
    <property name="NVM_INC" value="/home/shelke/.nvm/versions/node/v12.14.0/include/node"/>
    <property name="GNOME_SHELL_SESSION_MODE" value="ubuntu"/>
    <property name="JENKINS_HOME" value="/home/shelke/.jenkins"/>
    <property name="BUILD_ID" value="9"/>
    <property name="sun.boot.library.path" value="/usr/lib/jvm/java-8-openjdk-amd64/jre/lib/amd64"/>
    <property name="sun.management.compiler" value="HotSpot 64-Bit Tiered Compilers"/>
    <property name="java.awt.graphicsenv" value="sun.awt.X11GraphicsEnvironment"/>
    <property name="POM_VERSION" value="0.0.1-SNAPSHOT"/>
    <property name="GTK_IM_MODULE" value="ibus"/>
    <property name="HUDSON_HOME" value="/home/shelke/.jenkins"/>
    <property name="PATH+MAVEN" value="/home/shelke/.jenkins/tools/hudson.tasks.Maven_MavenInstallation/testMaven/bin"/>
    <property name="RUN_ARTIFACTS_DISPLAY_URL" value="http://localhost:8080/job/JustInDialApplication/9/display/redirect?page=artifacts"/>
    <property name="java.vm.specification.version" value="1.8"/>
    <property name="JAVA_HOME" value="/usr/lib/jvm/java-8-openjdk-amd64"/>
    <property name="SHELL" value="/bin/bash"/>
    <property name="awt.toolkit" value="sun.awt.X11.XToolkit"/>
    <property name="NODE_LABELS" value="built-in"/>
    <property name="sun.cpu.isalist" value=""/>
    <property name="JOB_DISPLAY_URL" value="http://localhost:8080/job/JustInDialApplication/display/redirect"/>
    <property name="java.ext.dirs" value="/usr/lib/jvm/java-8-openjdk-amd64/jre/lib/ext:/usr/java/packages/lib/ext"/>
    <property name="os.version" value="4.18.0-10-generic"/>
    <property name="user.home" value="/home/shelke"/>
    <property name="USERNAME" value="shelke"/>
    <property name="_" value="/usr/bin/java"/>
    <property name="java.vm.vendor" value="Private Build"/>
    <property name="IM_CONFIG_PHASE" value="2"/>
    <property name="user.dir" value="/home/shelke/Documents/Automation/JustDialApplication"/>
    <property name="maven.conf" value="/home/shelke/.jenkins/tools/hudson.tasks.Maven_MavenInstallation/testMaven/conf"/>
    <property name="XDG_VTNR" value="2"/>
    <property name="sun.cpu.endian" value="little"/>
    <property name="java.vm.version" value="25.292-b10"/>
    <property name="java.class.path" value="/home/shelke/.jenkins/plugins/maven-plugin/WEB-INF/lib/maven35-agent-1.13.jar:/home/shelke/.jenkins/tools/hudson.tasks.Maven_MavenInstallation/testMaven/boot/plexus-classworlds-2.6.0.jar:/home/shelke/.jenkins/tools/hudson.tasks.Maven_MavenInstallation/testMaven/conf/logging"/>
    <property name="org.slf4j.simpleLogger.defaultLogLevel" value="info"/>
    <property name="XDG_SEAT" value="seat0"/>
    <property name="os.arch" value="amd64"/>
    <property name="WORKSPACE" value="/home/shelke/.jenkins/workspace/JustInDialApplication"/>
    <property name="RUN_TESTS_DISPLAY_URL" value="http://localhost:8080/job/JustInDialApplication/9/display/redirect?page=tests"/>
    <property name="sun.java.launcher" value="SUN_STANDARD"/>
    <property name="LANG" value="en_US.UTF-8"/>
    <property name="LESSOPEN" value="| /usr/bin/lesspipe %s"/>
    <property name="java.vm.specification.vendor" value="Oracle Corporation"/>
    <property name="file.separator" value="/"/>
    <property name="java.runtime.version" value="1.8.0_292-8u292-b10-0ubuntu1~18.04-b10"/>
    <property name="XDG_SESSION_ID" value="2"/>
    <property name="sun.boot.class.path" value="/usr/lib/jvm/java-8-openjdk-amd64/jre/lib/resources.jar:/usr/lib/jvm/java-8-openjdk-amd64/jre/lib/rt.jar:/usr/lib/jvm/java-8-openjdk-amd64/jre/lib/sunrsasign.jar:/usr/lib/jvm/java-8-openjdk-amd64/jre/lib/jsse.jar:/usr/lib/jvm/java-8-openjdk-amd64/jre/lib/jce.jar:/usr/lib/jvm/java-8-openjdk-amd64/jre/lib/charsets.jar:/usr/lib/jvm/java-8-openjdk-amd64/jre/lib/jfr.jar:/usr/lib/jvm/java-8-openjdk-amd64/jre/classes"/>
    <property name="javax.accessibility.assistive_technologies" value="org.GNOME.Accessibility.AtkWrapper"/>
    <property name="QT4_IM_MODULE" value="xim"/>
    <property name="user.country" value="US"/>
    <property name="POM_PACKAGING" value="jar"/>
    <property name="maven.home" value="/home/shelke/.jenkins/tools/hudson.tasks.Maven_MavenInstallation/testMaven"/>
    <property name="JOB_BASE_NAME" value="JustInDialApplication"/>
    <property name="XMODIFIERS" value="@im=ibus"/>
    <property name="GNOME_TERMINAL_SCREEN" value="/org/gnome/Terminal/screen/4401cbec_5c44_4598_8df9_4a818b223670"/>
    <property name="HOME" value="/home/shelke"/>
    <property name="java.vendor" value="Private Build"/>
    <property name="NVM_CD_FLAGS" value=""/>
    <property name="SSH_AUTH_SOCK" value="/tmp/ssh-lEXCaBHywhKA/agent.3512"/>
    <property name="LS_COLORS" value="rs=0:di=01;34:ln=01;36:mh=00:pi=40;33:so=01;35:do=01;35:bd=40;33;01:cd=40;33;01:or=40;31;01:mi=00:su=37;41:sg=30;43:ca=30;41:tw=30;42:ow=34;42:st=37;44:ex=01;32:*.tar=01;31:*.tgz=01;31:*.arc=01;31:*.arj=01;31:*.taz=01;31:*.lha=01;31:*.lz4=01;31:*.lzh=01;31:*.lzma=01;31:*.tlz=01;31:*.txz=01;31:*.tzo=01;31:*.t7z=01;31:*.zip=01;31:*.z=01;31:*.Z=01;31:*.dz=01;31:*.gz=01;31:*.lrz=01;31:*.lz=01;31:*.lzo=01;31:*.xz=01;31:*.zst=01;31:*.tzst=01;31:*.bz2=01;31:*.bz=01;31:*.tbz=01;31:*.tbz2=01;31:*.tz=01;31:*.deb=01;31:*.rpm=01;31:*.jar=01;31:*.war=01;31:*.ear=01;31:*.sar=01;31:*.rar=01;31:*.alz=01;31:*.ace=01;31:*.zoo=01;31:*.cpio=01;31:*.7z=01;31:*.rz=01;31:*.cab=01;31:*.wim=01;31:*.swm=01;31:*.dwm=01;31:*.esd=01;31:*.jpg=01;35:*.jpeg=01;35:*.mjpg=01;35:*.mjpeg=01;35:*.gif=01;35:*.bmp=01;35:*.pbm=01;35:*.pgm=01;35:*.ppm=01;35:*.tga=01;35:*.xbm=01;35:*.xpm=01;35:*.tif=01;35:*.tiff=01;35:*.png=01;35:*.svg=01;35:*.svgz=01;35:*.mng=01;35:*.pcx=01;35:*.mov=01;35:*.mpg=01;35:*.mpeg=01;35:*.m2v=01;35:*.mkv=01;35:*.webm=01;35:*.ogm=01;35:*.mp4=01;35:*.m4v=01;35:*.mp4v=01;35:*.vob=01;35:*.qt=01;35:*.nuv=01;35:*.wmv=01;35:*.asf=01;35:*.rm=01;35:*.rmvb=01;35:*.flc=01;35:*.avi=01;35:*.fli=01;35:*.flv=01;35:*.gl=01;35:*.dl=01;35:*.xcf=01;35:*.xwd=01;35:*.yuv=01;35:*.cgm=01;35:*.emf=01;35:*.ogv=01;35:*.ogx=01;35:*.aac=00;36:*.au=00;36:*.flac=00;36:*.m4a=00;36:*.mid=00;36:*.midi=00;36:*.mka=00;36:*.mp3=00;36:*.mpc=00;36:*.ogg=00;36:*.ra=00;36:*.wav=00;36:*.oga=00;36:*.opus=00;36:*.spx=00;36:*.xspf=00;36:"/>
    <property name="POM_DISPLAYNAME" value="JustDialApplication"/>
    <property name="java.specification.version" value="1.8"/>
    <property name="sun.arch.data.model" value="64"/>
  </properties>
</testsuite>